Using pre-set license
Built from '2020.3/staging' branch; Version is '2020.3.5f1 (8095aa901b9b) revision 8426922'; Using compiler version '192528614'; Build Type 'Release'
OS: 'Windows 10 Home; OS build 19042.928; Version 2009; 64bit' Language: 'en' Physical Memory: 16141 MB
BatchMode: 1, IsHumanControllingUs: 0, StartBugReporterOnCrash: 0, Is64bit: 1, IsPro: 0

 COMMAND LINE ARGUMENTS:
C:\Program Files\Unity\Hub\Editor\2020.3.5f1\Editor\Unity.exe
-adb2
-batchMode
-noUpm
-name
AssetImportWorker0
-projectPath
C:/Users/Phoenix/Documents/Unity/InteractMLGithub/iml-unity-github
-logFile
Logs/AssetImportWorker0.log
-srvPort
63982
Successfully changed project path to: C:/Users/Phoenix/Documents/Unity/InteractMLGithub/iml-unity-github
C:/Users/Phoenix/Documents/Unity/InteractMLGithub/iml-unity-github
Using Asset Import Pipeline V2.
Refreshing native plugins compatible for Editor in 69.67 ms, found 6 plugins.
Preloading 0 native plugins for Editor in 0.00 ms.
Initialize engine version: 2020.3.5f1 (8095aa901b9b)
[Subsystems] Discovering subsystems at path C:/Program Files/Unity/Hub/Editor/2020.3.5f1/Editor/Data/Resources/UnitySubsystems
[Subsystems] Discovering subsystems at path C:/Users/Phoenix/Documents/Unity/InteractMLGithub/iml-unity-github/Assets
GfxDevice: creating device client; threaded=0
Direct3D:
    Version:  Direct3D 11.0 [level 11.1]
    Renderer: NVIDIA GeForce RTX 2080 with Max-Q Design (ID=0x1e90)
    Vendor:   
    VRAM:     8010 MB
    Driver:   27.21.14.5687
Initialize mono
Mono path[0] = 'C:/Program Files/Unity/Hub/Editor/2020.3.5f1/Editor/Data/Managed'
Mono path[1] = 'C:/Program Files/Unity/Hub/Editor/2020.3.5f1/Editor/Data/MonoBleedingEdge/lib/mono/unityjit'
Mono config path = 'C:/Program Files/Unity/Hub/Editor/2020.3.5f1/Editor/Data/MonoBleedingEdge/etc'
Using monoOptions --debugger-agent=transport=dt_socket,embedding=1,server=y,suspend=n,address=127.0.0.1:56652
Begin MonoManager ReloadAssembly
Registering precompiled unity dll's ...
Register platform support module: C:/Program Files/Unity/Hub/Editor/2020.3.5f1/Editor/Data/PlaybackEngines/WindowsStandaloneSupport/UnityEditor.WindowsStandalone.Extensions.dll
Registered in 0.002423 seconds.
Native extension for WindowsStandalone target not found
Refreshing native plugins compatible for Editor in 48.83 ms, found 6 plugins.
Preloading 0 native plugins for Editor in 0.00 ms.
Mono: successfully reloaded assembly
- Completed reload, in  3.236 seconds
Platform modules already initialized, skipping
Registering precompiled user dll's ...
Registered in 0.011126 seconds.
Begin MonoManager ReloadAssembly
Native extension for WindowsStandalone target not found
Refreshing native plugins compatible for Editor in 47.63 ms, found 6 plugins.
Preloading 0 native plugins for Editor in 0.00 ms.
Mono: successfully reloaded assembly
- Completed reload, in  1.518 seconds
Platform modules already initialized, skipping
========================================================================
Worker process is ready to serve import requests
Launched and connected shader compiler UnityShaderCompiler.exe after 0.07 seconds
Refreshing native plugins compatible for Editor in 0.69 ms, found 6 plugins.
Preloading 0 native plugins for Editor in 0.00 ms.
Unloading 1921 Unused Serialized files (Serialized files now loaded: 0)
System memory in use before: 93.7 MB.
System memory in use after: 93.6 MB.

Unloading 128 unused Assets to reduce memory usage. Loaded Objects now: 2356.
Total: 2.695900 ms (FindLiveObjects: 0.267200 ms CreateObjectMapping: 0.133500 ms MarkObjects: 2.155600 ms  DeleteObjects: 0.137800 ms)

========================================================================
Received Import Request.
  path: Assets/InteractML_Examples/Mouse_Input/Mouse Colour Change
  artifactKey: Guid(fc5cc10e30507b44f9f7a789edca5291) Importer(815301076,1909f56bfc062723c751e8b465ee728b)
Start importing Assets/InteractML_Examples/Mouse_Input/Mouse Colour Change using Guid(fc5cc10e30507b44f9f7a789edca5291) Importer(815301076,1909f56bfc062723c751e8b465ee728b)  -> (artifact id: '4e81fbb516609b31e9e1dec72bba5b05') in 0.011716 seconds
  Import took 0.016286 seconds .

========================================================================
Received Import Request.
  Time since last request: 0.000296 seconds.
  path: Assets/InteractML_Examples/Mouse_Input/Mouse Colour Change/Mouse_Input_Color_Output_Classification.unity
  artifactKey: Guid(e8a5e442fecc38d42a57654a03f04e82) Importer(815301076,1909f56bfc062723c751e8b465ee728b)
Start importing Assets/InteractML_Examples/Mouse_Input/Mouse Colour Change/Mouse_Input_Color_Output_Classification.unity using Guid(e8a5e442fecc38d42a57654a03f04e82) Importer(815301076,1909f56bfc062723c751e8b465ee728b)  -> (artifact id: '6159f9a5352cd25563b4922730f9f2d0') in 0.017375 seconds
  Import took 0.022762 seconds .

========================================================================
Received Import Request.
  Time since last request: 0.000359 seconds.
  path: Assets/InteractML_Examples/Mouse_Input
  artifactKey: Guid(c4bbb84a32c9c6f4eb676464cd5aeb9d) Importer(815301076,1909f56bfc062723c751e8b465ee728b)
Start importing Assets/InteractML_Examples/Mouse_Input using Guid(c4bbb84a32c9c6f4eb676464cd5aeb9d) Importer(815301076,1909f56bfc062723c751e8b465ee728b)  -> (artifact id: '8bbec398bbc8b1ae8e7edb7aebabe057') in 0.013244 seconds
  Import took 0.020584 seconds .

========================================================================
Received Import Request.
  Time since last request: 0.503397 seconds.
  path: Assets/InteractML_Examples/VRInterface
  artifactKey: Guid(9523c60c95e6c2046890d41a1cfa354d) Importer(815301076,1909f56bfc062723c751e8b465ee728b)
Start importing Assets/InteractML_Examples/VRInterface using Guid(9523c60c95e6c2046890d41a1cfa354d) Importer(815301076,1909f56bfc062723c751e8b465ee728b)  -> (artifact id: '83ed69405569bc8e018a31edc44226e1') in 0.008886 seconds
  Import took 0.016798 seconds .

========================================================================
Received Import Request.
  Time since last request: 85.788238 seconds.
  path: Assets/InteractML/Scripts/IML Nodes/Controller Customisers/Editor/VRTriggerEditor.cs
  artifactKey: Guid(eb7595f737b7b3a4fbe2109ba11c9fe4) Importer(815301076,1909f56bfc062723c751e8b465ee728b)
Start importing Assets/InteractML/Scripts/IML Nodes/Controller Customisers/Editor/VRTriggerEditor.cs using Guid(eb7595f737b7b3a4fbe2109ba11c9fe4) Importer(815301076,1909f56bfc062723c751e8b465ee728b)  -> (artifact id: '0faeae888524d9f5404fbf3389e2f4c7') in 0.028224 seconds
  Import took 0.033463 seconds .

========================================================================
Received Import Request.
  Time since last request: 0.010716 seconds.
  path: Assets/InteractML/Scripts/IML Nodes/Controller Customisers/Editor/VRTriggerEditor.cs
  artifactKey: Guid(eb7595f737b7b3a4fbe2109ba11c9fe4) Importer(815301076,1909f56bfc062723c751e8b465ee728b)
Start importing Assets/InteractML/Scripts/IML Nodes/Controller Customisers/Editor/VRTriggerEditor.cs using Guid(eb7595f737b7b3a4fbe2109ba11c9fe4) Importer(815301076,1909f56bfc062723c751e8b465ee728b)  -> (artifact id: '0faeae888524d9f5404fbf3389e2f4c7') in 0.002464 seconds
  Import took 0.006046 seconds .

========================================================================
Received Prepare
Registering precompiled user dll's ...
Registered in 0.005938 seconds.
Begin MonoManager ReloadAssembly
Native extension for WindowsStandalone target not found
Refreshing native plugins compatible for Editor in 0.69 ms, found 6 plugins.
Preloading 0 native plugins for Editor in 0.00 ms.
Mono: successfully reloaded assembly
- Completed reload, in  1.365 seconds
Platform modules already initialized, skipping
Refreshing native plugins compatible for Editor in 1.63 ms, found 6 plugins.
Preloading 0 native plugins for Editor in 0.00 ms.
Unloading 1890 Unused Serialized files (Serialized files now loaded: 0)
System memory in use before: 91.6 MB.
System memory in use after: 91.7 MB.

Unloading 88 unused Assets to reduce memory usage. Loaded Objects now: 2360.
Total: 3.566200 ms (FindLiveObjects: 0.206600 ms CreateObjectMapping: 0.079500 ms MarkObjects: 3.199300 ms  DeleteObjects: 0.078800 ms)

========================================================================
Received Prepare
Registering precompiled user dll's ...
Registered in 0.008105 seconds.
Begin MonoManager ReloadAssembly
Native extension for WindowsStandalone target not found
Refreshing native plugins compatible for Editor in 0.68 ms, found 6 plugins.
Preloading 0 native plugins for Editor in 0.00 ms.
Mono: successfully reloaded assembly
- Completed reload, in  1.342 seconds
Platform modules already initialized, skipping
Refreshing native plugins compatible for Editor in 0.71 ms, found 6 plugins.
Preloading 0 native plugins for Editor in 0.00 ms.
Unloading 1890 Unused Serialized files (Serialized files now loaded: 0)
System memory in use before: 91.6 MB.
System memory in use after: 91.7 MB.

Unloading 88 unused Assets to reduce memory usage. Loaded Objects now: 2364.
Total: 3.411700 ms (FindLiveObjects: 0.213800 ms CreateObjectMapping: 0.066300 ms MarkObjects: 3.054500 ms  DeleteObjects: 0.075700 ms)

========================================================================
Received Prepare
Registering precompiled user dll's ...
Registered in 0.005475 seconds.
Begin MonoManager ReloadAssembly
Native extension for WindowsStandalone target not found
Refreshing native plugins compatible for Editor in 0.59 ms, found 6 plugins.
Preloading 0 native plugins for Editor in 0.00 ms.
Mono: successfully reloaded assembly
- Completed reload, in  1.228 seconds
Platform modules already initialized, skipping
Refreshing native plugins compatible for Editor in 0.57 ms, found 6 plugins.
Preloading 0 native plugins for Editor in 0.00 ms.
Unloading 1890 Unused Serialized files (Serialized files now loaded: 0)
System memory in use before: 91.6 MB.
System memory in use after: 91.7 MB.

Unloading 88 unused Assets to reduce memory usage. Loaded Objects now: 2368.
Total: 2.824200 ms (FindLiveObjects: 0.215900 ms CreateObjectMapping: 0.079700 ms MarkObjects: 2.447400 ms  DeleteObjects: 0.079700 ms)

========================================================================
Received Import Request.
  Time since last request: 189.067408 seconds.
  path: Assets/InteractML_Examples/Mouse_Input/Mouse Colour Change/Mouse_Input_Color_Output_DTW.unity
  artifactKey: Guid(5f26ace6b839bf349b2a70f5dd19b88c) Importer(815301076,1909f56bfc062723c751e8b465ee728b)
Start importing Assets/InteractML_Examples/Mouse_Input/Mouse Colour Change/Mouse_Input_Color_Output_DTW.unity using Guid(5f26ace6b839bf349b2a70f5dd19b88c) Importer(815301076,1909f56bfc062723c751e8b465ee728b)  -> (artifact id: '9d63ab5892a14631150f8a6e7a0b3034') in 0.023065 seconds
  Import took 0.029206 seconds .

========================================================================
Received Prepare
Registering precompiled user dll's ...
Registered in 0.005873 seconds.
Begin MonoManager ReloadAssembly
Native extension for WindowsStandalone target not found
Refreshing native plugins compatible for Editor in 0.60 ms, found 6 plugins.
Preloading 0 native plugins for Editor in 0.00 ms.
Mono: successfully reloaded assembly
- Completed reload, in  1.334 seconds
Platform modules already initialized, skipping
Refreshing native plugins compatible for Editor in 2.28 ms, found 6 plugins.
Preloading 0 native plugins for Editor in 0.00 ms.
Unloading 1890 Unused Serialized files (Serialized files now loaded: 0)
System memory in use before: 91.7 MB.
System memory in use after: 91.8 MB.

Unloading 88 unused Assets to reduce memory usage. Loaded Objects now: 2372.
Total: 2.839600 ms (FindLiveObjects: 0.255600 ms CreateObjectMapping: 0.099400 ms MarkObjects: 2.405100 ms  DeleteObjects: 0.077900 ms)

========================================================================
Received Import Request.
  Time since last request: 125.199474 seconds.
  path: Assets/InteractML/Scripts/Input/Handlers/KeyboardHandler.cs
  artifactKey: Guid(99c5288b3cc8a6c4da1cf06541efdd8c) Importer(815301076,1909f56bfc062723c751e8b465ee728b)
Start importing Assets/InteractML/Scripts/Input/Handlers/KeyboardHandler.cs using Guid(99c5288b3cc8a6c4da1cf06541efdd8c) Importer(815301076,1909f56bfc062723c751e8b465ee728b)  -> (artifact id: 'aa4f3817965aaa993ea2c4ff5c7b128c') in 0.009552 seconds
  Import took 0.014463 seconds .

========================================================================
Received Import Request.
  Time since last request: 0.001976 seconds.
  path: Assets/InteractML/Scripts/Input/Handlers/KeyboardHandler.cs
  artifactKey: Guid(99c5288b3cc8a6c4da1cf06541efdd8c) Importer(815301076,1909f56bfc062723c751e8b465ee728b)
Start importing Assets/InteractML/Scripts/Input/Handlers/KeyboardHandler.cs using Guid(99c5288b3cc8a6c4da1cf06541efdd8c) Importer(815301076,1909f56bfc062723c751e8b465ee728b)  -> (artifact id: 'aa4f3817965aaa993ea2c4ff5c7b128c') in 0.002461 seconds
  Import took 0.006462 seconds .

========================================================================
Received Import Request.
  Time since last request: 1.299834 seconds.
  path: Assets/InteractML/Scripts/IML Nodes/Controller Customisers/KeyboardPress.cs
  artifactKey: Guid(6cd80d6ec5a1f7540bcf4649926cc13f) Importer(815301076,1909f56bfc062723c751e8b465ee728b)
Start importing Assets/InteractML/Scripts/IML Nodes/Controller Customisers/KeyboardPress.cs using Guid(6cd80d6ec5a1f7540bcf4649926cc13f) Importer(815301076,1909f56bfc062723c751e8b465ee728b)  -> (artifact id: '05c24b4dec2df61347b792eff5a6bd99') in 0.015041 seconds
  Import took 0.021179 seconds .

========================================================================
Received Import Request.
  Time since last request: 2.027720 seconds.
  path: Assets/InteractML/Scripts/IML Nodes/Controller Customisers/Editor/KeyboardPressEditor.cs
  artifactKey: Guid(766df6c727bee8748bb251f3e9b637f5) Importer(815301076,1909f56bfc062723c751e8b465ee728b)
Start importing Assets/InteractML/Scripts/IML Nodes/Controller Customisers/Editor/KeyboardPressEditor.cs using Guid(766df6c727bee8748bb251f3e9b637f5) Importer(815301076,1909f56bfc062723c751e8b465ee728b)  -> (artifact id: 'fdc3459dfb146dc449c677ac88f6bffa') in 0.013825 seconds
  Import took 0.018205 seconds .

========================================================================
Received Prepare
Registering precompiled user dll's ...
Registered in 0.009628 seconds.
Begin MonoManager ReloadAssembly
Native extension for WindowsStandalone target not found
Refreshing native plugins compatible for Editor in 0.59 ms, found 6 plugins.
Preloading 0 native plugins for Editor in 0.00 ms.
Mono: successfully reloaded assembly
- Completed reload, in  1.280 seconds
Platform modules already initialized, skipping
Refreshing native plugins compatible for Editor in 0.58 ms, found 6 plugins.
Preloading 0 native plugins for Editor in 0.00 ms.
Unloading 1890 Unused Serialized files (Serialized files now loaded: 0)
System memory in use before: 91.7 MB.
System memory in use after: 91.8 MB.

Unloading 89 unused Assets to reduce memory usage. Loaded Objects now: 2376.
Total: 2.519700 ms (FindLiveObjects: 0.227500 ms CreateObjectMapping: 0.082400 ms MarkObjects: 2.141200 ms  DeleteObjects: 0.067600 ms)

========================================================================
Received Import Request.
  Time since last request: 123.896083 seconds.
  path: Assets/InteractML/Scripts/Input/Handlers/KeyboardHandler.cs
  artifactKey: Guid(99c5288b3cc8a6c4da1cf06541efdd8c) Importer(815301076,1909f56bfc062723c751e8b465ee728b)
Start importing Assets/InteractML/Scripts/Input/Handlers/KeyboardHandler.cs using Guid(99c5288b3cc8a6c4da1cf06541efdd8c) Importer(815301076,1909f56bfc062723c751e8b465ee728b)  -> (artifact id: 'd61af4eaa3ca451a309f11665a7f33dc') in 0.007915 seconds
  Import took 0.012225 seconds .

