
=== Thu Jan 21 16:21:44 2021

Packages were changed.
Update Mode: updateDependencies

The following packages were updated:
  com.unity.ide.vscode from version 1.1.3 to 1.2.0
  com.unity.test-framework from version 1.1.3 to 1.1.14

=== Tue Jan 26 18:59:23 2021

Packages were changed.
Update Mode: updateDependencies

The following packages were updated:
  com.unity.ide.vscode from version 1.2.0 to 1.2.1
  com.unity.inputsystem from version 1.0.0-preview.6 to 1.0.0
  com.unity.test-framework from version 1.1.14 to 1.1.16

=== Tue Apr 27 12:35:34 2021

Packages were changed.
Update Mode: updateDependencies

The following packages were added:
  com.unity.ide.visualstudio@2.0.2
The following packages were updated:
  com.unity.collab-proxy from version 1.2.16 to 1.3.8
  com.unity.ide.rider from version 1.1.4 to 1.2.1
  com.unity.textmeshpro from version 2.0.1 to 3.0.0-preview.1
The following packages were removed:
  com.unity.xr.oculus.standalone@2.38.4
  com.unity.xr.openvr.standalone@2.0.5

=== Tue Apr 27 13:02:48 2021

Packages were changed.
Update Mode: updateDependencies

The following packages were updated:
  com.unity.collab-proxy from version 1.3.8 to 1.3.9
  com.unity.ide.rider from version 1.2.1 to 2.0.7
  com.unity.ide.visualstudio from version 2.0.2 to 2.0.7
  com.unity.ide.vscode from version 1.2.1 to 1.2.3
  com.unity.inputsystem from version 1.0.0 to 1.0.2
  com.unity.test-framework from version 1.1.16 to 1.1.24
  com.unity.textmeshpro from version 3.0.0-preview.1 to 3.0.1
  com.unity.timeline from version 1.2.6 to 1.4.7

=== Wed Apr 28 16:22:42 2021

Packages were changed.
Update Mode: updateDependencies

The following packages were updated:
  com.unity.textmeshpro from version 2.1.6 to 3.0.1

=== Wed May 12 14:03:49 2021

Packages were changed.
Update Mode: updateDependencies

The following packages were updated:
  com.unity.ide.visualstudio from version 1.0.11 to 2.0.7
  com.unity.ide.vscode from version 1.1.4 to 1.2.3
  com.unity.textmeshpro from version 2.0.1 to 3.0.1
  com.unity.timeline from version 1.1.0 to 1.4.7

=== Wed Jun 30 10:19:22 2021

Packages were changed.
Update Mode: updateDependencies

The following packages were updated:
  com.unity.ide.visualstudio from version 2.0.7 to 2.0.8
  com.unity.textmeshpro from version 3.0.1 to 3.0.6
  com.unity.timeline from version 1.4.7 to 1.4.8

=== Fri Jan 14 11:49:40 2022

Packages were changed.
Update Mode: updateDependencies

The following packages were updated:
  com.unity.ide.visualstudio from version 2.0.8 to 2.0.11
  com.unity.ide.vscode from version 1.2.3 to 1.2.4
  com.unity.test-framework from version 1.1.24 to 1.1.29
  com.unity.xr.oculus from version 1.9.1 to 1.10.0
